c:\mingw\msys\1.0\home\luis\wasted-racing\game\lib\win\studio\examples\vs2015\_builds\objectpan\debug\win32\intermediate\common.obj
c:\mingw\msys\1.0\home\luis\wasted-racing\game\lib\win\studio\examples\vs2015\_builds\objectpan\debug\win32\intermediate\common_platform.obj
c:\mingw\msys\1.0\home\luis\wasted-racing\game\lib\win\studio\examples\vs2015\_builds\objectpan\debug\win32\intermediate\objectpan.obj
c:\mingw\msys\1.0\home\luis\wasted-racing\game\lib\win\studio\examples\vs2015\_builds\objectpan\debug\win32\intermediate\vc140.pdb
c:\mingw\msys\1.0\home\luis\wasted-racing\game\lib\win\studio\examples\vs2015\_builds\objectpan\debug\win32\objectpan.ilk
c:\mingw\msys\1.0\home\luis\wasted-racing\game\lib\win\studio\examples\vs2015\_builds\objectpan\debug\win32\objectpan.exe
c:\mingw\msys\1.0\home\luis\wasted-racing\game\lib\win\studio\examples\vs2015\_builds\objectpan\debug\win32\example.winmd
c:\mingw\msys\1.0\home\luis\wasted-racing\game\lib\win\studio\examples\vs2015\_builds\objectpan\debug\win32\objectpan.pdb
c:\mingw\msys\1.0\home\luis\wasted-racing\game\lib\win\studio\examples\vs2015\_builds\objectpan\debug\win32\intermediate\objectpan.vcxprojresolveassemblyreference.cache
c:\mingw\msys\1.0\home\luis\wasted-racing\game\lib\win\studio\examples\vs2015\_builds\objectpan\debug\win32\intermediate\resourcehandlingtask.state
c:\mingw\msys\1.0\home\luis\wasted-racing\game\lib\win\studio\examples\vs2015\_builds\objectpan\debug\win32\intermediate\objectpan.vcxproj.generateresource.cache
c:\mingw\msys\1.0\home\luis\wasted-racing\game\lib\win\studio\examples\vs2015\_builds\objectpan\debug\win32\intermediate\priconfig.xml
c:\mingw\msys\1.0\home\luis\wasted-racing\game\lib\win\studio\examples\vs2015\_builds\objectpan\debug\win32\intermediate\priconfig.xml.intermediate
c:\mingw\msys\1.0\home\luis\wasted-racing\game\lib\win\studio\examples\vs2015\_builds\objectpan\debug\win32\intermediate\layout.resfiles
c:\mingw\msys\1.0\home\luis\wasted-racing\game\lib\win\studio\examples\vs2015\_builds\objectpan\debug\win32\intermediate\layout.resfiles.intermediate
c:\mingw\msys\1.0\home\luis\wasted-racing\game\lib\win\studio\examples\vs2015\_builds\objectpan\debug\win32\intermediate\resources.resfiles
c:\mingw\msys\1.0\home\luis\wasted-racing\game\lib\win\studio\examples\vs2015\_builds\objectpan\debug\win32\intermediate\resources.resfiles.intermediate
c:\mingw\msys\1.0\home\luis\wasted-racing\game\lib\win\studio\examples\vs2015\_builds\objectpan\debug\win32\intermediate\pri.resfiles
c:\mingw\msys\1.0\home\luis\wasted-racing\game\lib\win\studio\examples\vs2015\_builds\objectpan\debug\win32\intermediate\pri.resfiles.intermediate
c:\mingw\msys\1.0\home\luis\wasted-racing\game\lib\win\studio\examples\vs2015\_builds\objectpan\debug\win32\resources.pri
c:\mingw\msys\1.0\home\luis\wasted-racing\game\lib\win\studio\examples\vs2015\_builds\objectpan\debug\win32\intermediate\qualifiers.txt
c:\mingw\msys\1.0\home\luis\wasted-racing\game\lib\win\studio\examples\vs2015\_builds\objectpan\debug\win32\intermediate\qualifiers.txt.intermediate
c:\mingw\msys\1.0\home\luis\wasted-racing\game\lib\win\studio\examples\vs2015\_builds\objectpan\debug\win32\intermediate\multiplequalifiersperdimensionfound.txt
c:\mingw\msys\1.0\home\luis\wasted-racing\game\lib\win\studio\examples\vs2015\_builds\objectpan\debug\win32\intermediate\projectarchitectures.txt
c:\mingw\msys\1.0\home\luis\wasted-racing\game\lib\win\studio\examples\vs2015\_builds\objectpan\debug\win32\appxmanifest.xml
c:\mingw\msys\1.0\home\luis\wasted-racing\game\lib\win\studio\examples\vs2015\_builds\objectpan\debug\win32\objectpan.build.appxrecipe
c:\mingw\msys\1.0\home\luis\wasted-racing\game\lib\win\studio\examples\vs2015\_builds\objectpan\debug\win32\intermediate\embed.resfiles
c:\mingw\msys\1.0\home\luis\wasted-racing\game\lib\win\studio\examples\vs2015\_builds\objectpan\debug\win32\intermediate\vc140.idb
c:\mingw\msys\1.0\home\luis\wasted-racing\game\lib\win\studio\examples\vs2015\_builds\objectpan\debug\win32\intermediate\objectpan.tlog\cl.command.1.tlog
c:\mingw\msys\1.0\home\luis\wasted-racing\game\lib\win\studio\examples\vs2015\_builds\objectpan\debug\win32\intermediate\objectpan.tlog\cl.read.1.tlog
c:\mingw\msys\1.0\home\luis\wasted-racing\game\lib\win\studio\examples\vs2015\_builds\objectpan\debug\win32\intermediate\objectpan.tlog\cl.write.1.tlog
c:\mingw\msys\1.0\home\luis\wasted-racing\game\lib\win\studio\examples\vs2015\_builds\objectpan\debug\win32\intermediate\objectpan.tlog\link.command.1.tlog
c:\mingw\msys\1.0\home\luis\wasted-racing\game\lib\win\studio\examples\vs2015\_builds\objectpan\debug\win32\intermediate\objectpan.tlog\link.read.1.tlog
c:\mingw\msys\1.0\home\luis\wasted-racing\game\lib\win\studio\examples\vs2015\_builds\objectpan\debug\win32\intermediate\objectpan.tlog\link.write.1.tlog
c:\mingw\msys\1.0\home\luis\wasted-racing\game\lib\win\studio\examples\vs2015\_builds\objectpan\debug\win32\intermediate\objectpan.tlog\objectpan.read.1u.tlog
c:\mingw\msys\1.0\home\luis\wasted-racing\game\lib\win\studio\examples\vs2015\_builds\objectpan\debug\win32\intermediate\objectpan.tlog\objectpan.write.1u.tlog
